<?xml version="1.0" encoding="UTF-8"?>
<!-- Generated by org.testng.reporters.JUnitXMLReporter -->
<testsuite ignored="0" hostname="DESKTOP-1QBSVOI" failures="0" tests="2" name="BankingApp Test" time="4.591" errors="0" timestamp="21 Jul 2022 19:44:21 GMT">
  <testcase classname="com.inetbankingv1.testcases.BaseClass" name="@BeforeClass setUp" time="2.703">
    <failure type="org.openqa.selenium.SessionNotCreatedException" message="session not created: This version of ChromeDriver only supports Chrome version 101
Current browser version is 103.0.5060.114 with binary path C:\Program Files (x86)\Google\Chrome\Application\chrome.exe
Build info: version: &amp;apos;3.14.0&amp;apos;, revision: &amp;apos;aacccce0&amp;apos;, time: &amp;apos;2018-08-02T20:19:58.91Z&amp;apos;
System info: host: &amp;apos;DESKTOP-1QBSVOI&amp;apos;, ip: &amp;apos;10.0.0.125&amp;apos;, os.name: &amp;apos;Windows 10&amp;apos;, os.arch: &amp;apos;amd64&amp;apos;, os.version: &amp;apos;10.0&amp;apos;, java.version: &amp;apos;17.0.2&amp;apos;
Driver info: driver.version: ChromeDriver
remote stacktrace: Backtrace:
	Ordinal0 [0x0115B8F3+2406643]
	Ordinal0 [0x010EAF31+1945393]
	Ordinal0 [0x00FDC748+837448]
	Ordinal0 [0x00FFC8B3+968883]
	Ordinal0 [0x00FF84BA+951482]
	Ordinal0 [0x00FF5D71+941425]
	Ordinal0 [0x01028EE0+1150688]
	Ordinal0 [0x01028B3A+1149754]
	Ordinal0 [0x01024096+1130646]
	Ordinal0 [0x00FFE636+976438]
	Ordinal0 [0x00FFF546+980294]
	GetHandleVerifier [0x013C9612+2498066]
	GetHandleVerifier [0x013BC920+2445600]
	GetHandleVerifier [0x011F4F2A+579370]
	GetHandleVerifier [0x011F3D36+574774]
	Ordinal0 [0x010F1C0B+1973259]
	Ordinal0 [0x010F6688+1992328]
	Ordinal0 [0x010F6775+1992565]
	Ordinal0 [0x010FF8D1+2029777]
	BaseThreadInitThunk [0x76EA6739+25]
	RtlGetFullPathName_UEx [0x77C28ACF+1215]
	RtlGetFullPathName_UEx [0x77C28A9D+1165]
">
      <![CDATA[org.openqa.selenium.SessionNotCreatedException: session not created: This version of ChromeDriver only supports Chrome version 101
Current browser version is 103.0.5060.114 with binary path C:\Program Files (x86)\Google\Chrome\Application\chrome.exe
Build info: version: '3.14.0', revision: 'aacccce0', time: '2018-08-02T20:19:58.91Z'
System info: host: 'DESKTOP-1QBSVOI', ip: '10.0.0.125', os.name: 'Windows 10', os.arch: 'amd64', os.version: '10.0', java.version: '17.0.2'
Driver info: driver.version: ChromeDriver
remote stacktrace: Backtrace:
Ordinal0 [0x0115B8F3+2406643]
Ordinal0 [0x010EAF31+1945393]
Ordinal0 [0x00FDC748+837448]
Ordinal0 [0x00FFC8B3+968883]
Ordinal0 [0x00FF84BA+951482]
Ordinal0 [0x00FF5D71+941425]
Ordinal0 [0x01028EE0+1150688]
Ordinal0 [0x01028B3A+1149754]
Ordinal0 [0x01024096+1130646]
Ordinal0 [0x00FFE636+976438]
Ordinal0 [0x00FFF546+980294]
GetHandleVerifier [0x013C9612+2498066]
GetHandleVerifier [0x013BC920+2445600]
GetHandleVerifier [0x011F4F2A+579370]
GetHandleVerifier [0x011F3D36+574774]
Ordinal0 [0x010F1C0B+1973259]
Ordinal0 [0x010F6688+1992328]
Ordinal0 [0x010F6775+1992565]
Ordinal0 [0x010FF8D1+2029777]
BaseThreadInitThunk [0x76EA6739+25]
RtlGetFullPathName_UEx [0x77C28ACF+1215]
RtlGetFullPathName_UEx [0x77C28A9D+1165]

at org.openqa.selenium.remote.W3CHandshakeResponse.lambda$new$0(W3CHandshakeResponse.java:57)
at org.openqa.selenium.remote.W3CHandshakeResponse.lambda$getResponseFunction$2(W3CHandshakeResponse.java:104)
at org.openqa.selenium.remote.ProtocolHandshake.lambda$createSession$0(ProtocolHandshake.java:122)
at java.base/java.util.stream.ReferencePipeline$3$1.accept(ReferencePipeline.java:197)
at java.base/java.util.Spliterators$ArraySpliterator.tryAdvance(Spliterators.java:1002)
at java.base/java.util.stream.ReferencePipeline.forEachWithCancel(ReferencePipeline.java:129)
at java.base/java.util.stream.AbstractPipeline.copyIntoWithCancel(AbstractPipeline.java:527)
at java.base/java.util.stream.AbstractPipeline.copyInto(AbstractPipeline.java:513)
at java.base/java.util.stream.AbstractPipeline.wrapAndCopyInto(AbstractPipeline.java:499)
at java.base/java.util.stream.FindOps$FindOp.evaluateSequential(FindOps.java:150)
at java.base/java.util.stream.AbstractPipeline.evaluate(AbstractPipeline.java:234)
at java.base/java.util.stream.ReferencePipeline.findFirst(ReferencePipeline.java:647)
at org.openqa.selenium.remote.ProtocolHandshake.createSession(ProtocolHandshake.java:125)
at org.openqa.selenium.remote.ProtocolHandshake.createSession(ProtocolHandshake.java:73)
at org.openqa.selenium.remote.HttpCommandExecutor.execute(HttpCommandExecutor.java:136)
at org.openqa.selenium.remote.service.DriverCommandExecutor.execute(DriverCommandExecutor.java:83)
at org.openqa.selenium.remote.RemoteWebDriver.execute(RemoteWebDriver.java:548)
at org.openqa.selenium.remote.RemoteWebDriver.startSession(RemoteWebDriver.java:212)
at org.openqa.selenium.remote.RemoteWebDriver.<init>(RemoteWebDriver.java:130)
at org.openqa.selenium.chrome.ChromeDriver.<init>(ChromeDriver.java:181)
at org.openqa.selenium.chrome.ChromeDriver.<init>(ChromeDriver.java:168)
at org.openqa.selenium.chrome.ChromeDriver.<init>(ChromeDriver.java:123)
at com.inetbankingv1.testcases.BaseClass.setUp(BaseClass.java:47)
... Removed 31 stack frames]]>
    </failure>
  </testcase> <!-- @BeforeClass setUp -->
  <testcase classname="com.inetbankingv1.testcases.BaseClass" name="@AfterClass tearDown" time="0.0">
    <skipped/>
  </testcase> <!-- @AfterClass tearDown -->
  <testcase classname="com.inetbankingv1.testcases.BaseClass" name="@BeforeClass setUp" time="1.481">
    <failure type="org.openqa.selenium.SessionNotCreatedException" message="session not created: This version of ChromeDriver only supports Chrome version 101
Current browser version is 103.0.5060.114 with binary path C:\Program Files (x86)\Google\Chrome\Application\chrome.exe
Build info: version: &amp;apos;3.14.0&amp;apos;, revision: &amp;apos;aacccce0&amp;apos;, time: &amp;apos;2018-08-02T20:19:58.91Z&amp;apos;
System info: host: &amp;apos;DESKTOP-1QBSVOI&amp;apos;, ip: &amp;apos;10.0.0.125&amp;apos;, os.name: &amp;apos;Windows 10&amp;apos;, os.arch: &amp;apos;amd64&amp;apos;, os.version: &amp;apos;10.0&amp;apos;, java.version: &amp;apos;17.0.2&amp;apos;
Driver info: driver.version: ChromeDriver
remote stacktrace: Backtrace:
	Ordinal0 [0x0115B8F3+2406643]
	Ordinal0 [0x010EAF31+1945393]
	Ordinal0 [0x00FDC748+837448]
	Ordinal0 [0x00FFC8B3+968883]
	Ordinal0 [0x00FF84BA+951482]
	Ordinal0 [0x00FF5D71+941425]
	Ordinal0 [0x01028EE0+1150688]
	Ordinal0 [0x01028B3A+1149754]
	Ordinal0 [0x01024096+1130646]
	Ordinal0 [0x00FFE636+976438]
	Ordinal0 [0x00FFF546+980294]
	GetHandleVerifier [0x013C9612+2498066]
	GetHandleVerifier [0x013BC920+2445600]
	GetHandleVerifier [0x011F4F2A+579370]
	GetHandleVerifier [0x011F3D36+574774]
	Ordinal0 [0x010F1C0B+1973259]
	Ordinal0 [0x010F6688+1992328]
	Ordinal0 [0x010F6775+1992565]
	Ordinal0 [0x010FF8D1+2029777]
	BaseThreadInitThunk [0x76EA6739+25]
	RtlGetFullPathName_UEx [0x77C28ACF+1215]
	RtlGetFullPathName_UEx [0x77C28A9D+1165]
">
      <![CDATA[org.openqa.selenium.SessionNotCreatedException: session not created: This version of ChromeDriver only supports Chrome version 101
Current browser version is 103.0.5060.114 with binary path C:\Program Files (x86)\Google\Chrome\Application\chrome.exe
Build info: version: '3.14.0', revision: 'aacccce0', time: '2018-08-02T20:19:58.91Z'
System info: host: 'DESKTOP-1QBSVOI', ip: '10.0.0.125', os.name: 'Windows 10', os.arch: 'amd64', os.version: '10.0', java.version: '17.0.2'
Driver info: driver.version: ChromeDriver
remote stacktrace: Backtrace:
Ordinal0 [0x0115B8F3+2406643]
Ordinal0 [0x010EAF31+1945393]
Ordinal0 [0x00FDC748+837448]
Ordinal0 [0x00FFC8B3+968883]
Ordinal0 [0x00FF84BA+951482]
Ordinal0 [0x00FF5D71+941425]
Ordinal0 [0x01028EE0+1150688]
Ordinal0 [0x01028B3A+1149754]
Ordinal0 [0x01024096+1130646]
Ordinal0 [0x00FFE636+976438]
Ordinal0 [0x00FFF546+980294]
GetHandleVerifier [0x013C9612+2498066]
GetHandleVerifier [0x013BC920+2445600]
GetHandleVerifier [0x011F4F2A+579370]
GetHandleVerifier [0x011F3D36+574774]
Ordinal0 [0x010F1C0B+1973259]
Ordinal0 [0x010F6688+1992328]
Ordinal0 [0x010F6775+1992565]
Ordinal0 [0x010FF8D1+2029777]
BaseThreadInitThunk [0x76EA6739+25]
RtlGetFullPathName_UEx [0x77C28ACF+1215]
RtlGetFullPathName_UEx [0x77C28A9D+1165]

at org.openqa.selenium.remote.W3CHandshakeResponse.lambda$new$0(W3CHandshakeResponse.java:57)
at org.openqa.selenium.remote.W3CHandshakeResponse.lambda$getResponseFunction$2(W3CHandshakeResponse.java:104)
at org.openqa.selenium.remote.ProtocolHandshake.lambda$createSession$0(ProtocolHandshake.java:122)
at java.base/java.util.stream.ReferencePipeline$3$1.accept(ReferencePipeline.java:197)
at java.base/java.util.Spliterators$ArraySpliterator.tryAdvance(Spliterators.java:1002)
at java.base/java.util.stream.ReferencePipeline.forEachWithCancel(ReferencePipeline.java:129)
at java.base/java.util.stream.AbstractPipeline.copyIntoWithCancel(AbstractPipeline.java:527)
at java.base/java.util.stream.AbstractPipeline.copyInto(AbstractPipeline.java:513)
at java.base/java.util.stream.AbstractPipeline.wrapAndCopyInto(AbstractPipeline.java:499)
at java.base/java.util.stream.FindOps$FindOp.evaluateSequential(FindOps.java:150)
at java.base/java.util.stream.AbstractPipeline.evaluate(AbstractPipeline.java:234)
at java.base/java.util.stream.ReferencePipeline.findFirst(ReferencePipeline.java:647)
at org.openqa.selenium.remote.ProtocolHandshake.createSession(ProtocolHandshake.java:125)
at org.openqa.selenium.remote.ProtocolHandshake.createSession(ProtocolHandshake.java:73)
at org.openqa.selenium.remote.HttpCommandExecutor.execute(HttpCommandExecutor.java:136)
at org.openqa.selenium.remote.service.DriverCommandExecutor.execute(DriverCommandExecutor.java:83)
at org.openqa.selenium.remote.RemoteWebDriver.execute(RemoteWebDriver.java:548)
at org.openqa.selenium.remote.RemoteWebDriver.startSession(RemoteWebDriver.java:212)
at org.openqa.selenium.remote.RemoteWebDriver.<init>(RemoteWebDriver.java:130)
at org.openqa.selenium.chrome.ChromeDriver.<init>(ChromeDriver.java:181)
at org.openqa.selenium.chrome.ChromeDriver.<init>(ChromeDriver.java:168)
at org.openqa.selenium.chrome.ChromeDriver.<init>(ChromeDriver.java:123)
at com.inetbankingv1.testcases.BaseClass.setUp(BaseClass.java:47)
... Removed 31 stack frames]]>
    </failure>
  </testcase> <!-- @BeforeClass setUp -->
  <testcase classname="com.inetbankingv1.testcases.BaseClass" name="@AfterClass tearDown" time="0.0">
    <skipped/>
  </testcase> <!-- @AfterClass tearDown -->
  <testcase classname="com.inetbankingv1.testcases.TC_Login_001" name="loginTest" time="0.0">
    <skipped/>
  </testcase> <!-- loginTest -->
  <testcase classname="com.inetbankingv1.testcases.TC_AddNewCustomerTest_003" name="addNewCustomer" time="0.0">
    <skipped/>
  </testcase> <!-- addNewCustomer -->
</testsuite> <!-- BankingApp Test -->
