<!DOCTYPE html PUBLIC "-//W3C//DTD XHTML 1.1//EN" "http://www.w3.org/TR/xhtml11/DTD/xhtml11.dtd">
<html xmlns="http://www.w3.org/1999/xhtml">
<head>
<meta http-equiv="content-type" content="text/html; charset=UTF-8"/>
<title>TestNG Report</title>
<style type="text/css">table {margin-bottom:10px;border-collapse:collapse;empty-cells:show}th,td {border:1px solid #009;padding:.25em .5em}th {vertical-align:bottom}td {vertical-align:top}table a {font-weight:bold}.stripe td {background-color: #E6EBF9}.num {text-align:right}.passedodd td {background-color: #3F3}.passedeven td {background-color: #0A0}.skippedodd td {background-color: #DDD}.skippedeven td {background-color: #CCC}.failedodd td,.attn {background-color: #F33}.failedeven td,.stripe .attn {background-color: #D00}.stacktrace {white-space:pre;font-family:monospace}.totop {font-size:85%;text-align:center;border-bottom:2px solid #000}.invisible {display:none}</style>
</head>
<body>
<table>
<tr><th>Test</th><th># Passed</th><th># Skipped</th><th># Failed</th><th>Time (ms)</th><th>Included Groups</th><th>Excluded Groups</th></tr>
<tr><th colspan="7">inetBankingV1</th></tr>
<tr><td><a href="#t0">BankingApp Test</a></td><td class="num">0</td><td class="num attn">2</td><td class="num">0</td><td class="num">4,591</td><td></td><td></td></tr>
</table>
<table id='summary'><thead><tr><th>Class</th><th>Method</th><th>Start</th><th>Time (ms)</th></tr></thead><tbody><tr><th colspan="4">inetBankingV1</th></tr></tbody><tbody id="t0"><tr><th colspan="4">BankingApp Test &#8212; failed (configuration methods)</th></tr><tr class="failedeven"><td rowspan="1">com.inetbankingv1.testcases.TC_AddNewCustomerTest_003</td><td><a href="#m0">setUp</a></td><td rowspan="1">1658432659596</td><td rowspan="1">1481</td></tr><tr class="failedodd"><td rowspan="1">com.inetbankingv1.testcases.TC_Login_001</td><td><a href="#m1">setUp</a></td><td rowspan="1">1658432656796</td><td rowspan="1">2703</td></tr><tr><th colspan="4">BankingApp Test &#8212; skipped (configuration methods)</th></tr><tr class="skippedeven"><td rowspan="1">com.inetbankingv1.testcases.TC_AddNewCustomerTest_003</td><td><a href="#m2">tearDown</a></td><td rowspan="1">1658432661093</td><td rowspan="1">0</td></tr><tr class="skippedodd"><td rowspan="1">com.inetbankingv1.testcases.TC_Login_001</td><td><a href="#m3">tearDown</a></td><td rowspan="1">1658432659582</td><td rowspan="1">0</td></tr><tr><th colspan="4">BankingApp Test &#8212; skipped</th></tr><tr class="skippedeven"><td rowspan="1">com.inetbankingv1.testcases.TC_AddNewCustomerTest_003</td><td><a href="#m4">addNewCustomer</a></td><td rowspan="1">1658432661083</td><td rowspan="1">0</td></tr><tr class="skippedodd"><td rowspan="1">com.inetbankingv1.testcases.TC_Login_001</td><td><a href="#m5">loginTest</a></td><td rowspan="1">1658432659531</td><td rowspan="1">0</td></tr></tbody>
</table>
<h2>BankingApp Test</h2><h3 id="m0">com.inetbankingv1.testcases.TC_AddNewCustomerTest_003#setUp</h3><table class="result"><tr class="param"><th>Parameter #1</th></tr><tr class="param stripe"><td>chrome</td></tr><tr><th>Exception</th></tr><tr><td><div class="stacktrace">org.openqa.selenium.SessionNotCreatedException: session not created: This version of ChromeDriver only supports Chrome version 101
Current browser version is 103.0.5060.114 with binary path C:\Program Files (x86)\Google\Chrome\Application\chrome.exe
Build info: version: &apos;3.14.0&apos;, revision: &apos;aacccce0&apos;, time: &apos;2018-08-02T20:19:58.91Z&apos;
System info: host: &apos;DESKTOP-1QBSVOI&apos;, ip: &apos;10.0.0.125&apos;, os.name: &apos;Windows 10&apos;, os.arch: &apos;amd64&apos;, os.version: &apos;10.0&apos;, java.version: &apos;17.0.2&apos;
Driver info: driver.version: ChromeDriver
remote stacktrace: Backtrace:
	Ordinal0 [0x0115B8F3+2406643]
	Ordinal0 [0x010EAF31+1945393]
	Ordinal0 [0x00FDC748+837448]
	Ordinal0 [0x00FFC8B3+968883]
	Ordinal0 [0x00FF84BA+951482]
	Ordinal0 [0x00FF5D71+941425]
	Ordinal0 [0x01028EE0+1150688]
	Ordinal0 [0x01028B3A+1149754]
	Ordinal0 [0x01024096+1130646]
	Ordinal0 [0x00FFE636+976438]
	Ordinal0 [0x00FFF546+980294]
	GetHandleVerifier [0x013C9612+2498066]
	GetHandleVerifier [0x013BC920+2445600]
	GetHandleVerifier [0x011F4F2A+579370]
	GetHandleVerifier [0x011F3D36+574774]
	Ordinal0 [0x010F1C0B+1973259]
	Ordinal0 [0x010F6688+1992328]
	Ordinal0 [0x010F6775+1992565]
	Ordinal0 [0x010FF8D1+2029777]
	BaseThreadInitThunk [0x76EA6739+25]
	RtlGetFullPathName_UEx [0x77C28ACF+1215]
	RtlGetFullPathName_UEx [0x77C28A9D+1165]

	at org.openqa.selenium.remote.W3CHandshakeResponse.lambda$new$0(W3CHandshakeResponse.java:57)
	at org.openqa.selenium.remote.W3CHandshakeResponse.lambda$getResponseFunction$2(W3CHandshakeResponse.java:104)
	at org.openqa.selenium.remote.ProtocolHandshake.lambda$createSession$0(ProtocolHandshake.java:122)
	at java.base/java.util.stream.ReferencePipeline$3$1.accept(ReferencePipeline.java:197)
	at java.base/java.util.Spliterators$ArraySpliterator.tryAdvance(Spliterators.java:1002)
	at java.base/java.util.stream.ReferencePipeline.forEachWithCancel(ReferencePipeline.java:129)
	at java.base/java.util.stream.AbstractPipeline.copyIntoWithCancel(AbstractPipeline.java:527)
	at java.base/java.util.stream.AbstractPipeline.copyInto(AbstractPipeline.java:513)
	at java.base/java.util.stream.AbstractPipeline.wrapAndCopyInto(AbstractPipeline.java:499)
	at java.base/java.util.stream.FindOps$FindOp.evaluateSequential(FindOps.java:150)
	at java.base/java.util.stream.AbstractPipeline.evaluate(AbstractPipeline.java:234)
	at java.base/java.util.stream.ReferencePipeline.findFirst(ReferencePipeline.java:647)
	at org.openqa.selenium.remote.ProtocolHandshake.createSession(ProtocolHandshake.java:125)
	at org.openqa.selenium.remote.ProtocolHandshake.createSession(ProtocolHandshake.java:73)
	at org.openqa.selenium.remote.HttpCommandExecutor.execute(HttpCommandExecutor.java:136)
	at org.openqa.selenium.remote.service.DriverCommandExecutor.execute(DriverCommandExecutor.java:83)
	at org.openqa.selenium.remote.RemoteWebDriver.execute(RemoteWebDriver.java:548)
	at org.openqa.selenium.remote.RemoteWebDriver.startSession(RemoteWebDriver.java:212)
	at org.openqa.selenium.remote.RemoteWebDriver.&lt;init&gt;(RemoteWebDriver.java:130)
	at org.openqa.selenium.chrome.ChromeDriver.&lt;init&gt;(ChromeDriver.java:181)
	at org.openqa.selenium.chrome.ChromeDriver.&lt;init&gt;(ChromeDriver.java:168)
	at org.openqa.selenium.chrome.ChromeDriver.&lt;init&gt;(ChromeDriver.java:123)
	at com.inetbankingv1.testcases.BaseClass.setUp(BaseClass.java:47)
... Removed 31 stack frames</div></td></tr></table><p class="totop"><a href="#summary">back to summary</a></p>
<h3 id="m1">com.inetbankingv1.testcases.TC_Login_001#setUp</h3><table class="result"><tr class="param"><th>Parameter #1</th></tr><tr class="param stripe"><td>chrome</td></tr><tr><th>Exception</th></tr><tr><td><div class="stacktrace">org.openqa.selenium.SessionNotCreatedException: session not created: This version of ChromeDriver only supports Chrome version 101
Current browser version is 103.0.5060.114 with binary path C:\Program Files (x86)\Google\Chrome\Application\chrome.exe
Build info: version: &apos;3.14.0&apos;, revision: &apos;aacccce0&apos;, time: &apos;2018-08-02T20:19:58.91Z&apos;
System info: host: &apos;DESKTOP-1QBSVOI&apos;, ip: &apos;10.0.0.125&apos;, os.name: &apos;Windows 10&apos;, os.arch: &apos;amd64&apos;, os.version: &apos;10.0&apos;, java.version: &apos;17.0.2&apos;
Driver info: driver.version: ChromeDriver
remote stacktrace: Backtrace:
	Ordinal0 [0x0115B8F3+2406643]
	Ordinal0 [0x010EAF31+1945393]
	Ordinal0 [0x00FDC748+837448]
	Ordinal0 [0x00FFC8B3+968883]
	Ordinal0 [0x00FF84BA+951482]
	Ordinal0 [0x00FF5D71+941425]
	Ordinal0 [0x01028EE0+1150688]
	Ordinal0 [0x01028B3A+1149754]
	Ordinal0 [0x01024096+1130646]
	Ordinal0 [0x00FFE636+976438]
	Ordinal0 [0x00FFF546+980294]
	GetHandleVerifier [0x013C9612+2498066]
	GetHandleVerifier [0x013BC920+2445600]
	GetHandleVerifier [0x011F4F2A+579370]
	GetHandleVerifier [0x011F3D36+574774]
	Ordinal0 [0x010F1C0B+1973259]
	Ordinal0 [0x010F6688+1992328]
	Ordinal0 [0x010F6775+1992565]
	Ordinal0 [0x010FF8D1+2029777]
	BaseThreadInitThunk [0x76EA6739+25]
	RtlGetFullPathName_UEx [0x77C28ACF+1215]
	RtlGetFullPathName_UEx [0x77C28A9D+1165]

	at org.openqa.selenium.remote.W3CHandshakeResponse.lambda$new$0(W3CHandshakeResponse.java:57)
	at org.openqa.selenium.remote.W3CHandshakeResponse.lambda$getResponseFunction$2(W3CHandshakeResponse.java:104)
	at org.openqa.selenium.remote.ProtocolHandshake.lambda$createSession$0(ProtocolHandshake.java:122)
	at java.base/java.util.stream.ReferencePipeline$3$1.accept(ReferencePipeline.java:197)
	at java.base/java.util.Spliterators$ArraySpliterator.tryAdvance(Spliterators.java:1002)
	at java.base/java.util.stream.ReferencePipeline.forEachWithCancel(ReferencePipeline.java:129)
	at java.base/java.util.stream.AbstractPipeline.copyIntoWithCancel(AbstractPipeline.java:527)
	at java.base/java.util.stream.AbstractPipeline.copyInto(AbstractPipeline.java:513)
	at java.base/java.util.stream.AbstractPipeline.wrapAndCopyInto(AbstractPipeline.java:499)
	at java.base/java.util.stream.FindOps$FindOp.evaluateSequential(FindOps.java:150)
	at java.base/java.util.stream.AbstractPipeline.evaluate(AbstractPipeline.java:234)
	at java.base/java.util.stream.ReferencePipeline.findFirst(ReferencePipeline.java:647)
	at org.openqa.selenium.remote.ProtocolHandshake.createSession(ProtocolHandshake.java:125)
	at org.openqa.selenium.remote.ProtocolHandshake.createSession(ProtocolHandshake.java:73)
	at org.openqa.selenium.remote.HttpCommandExecutor.execute(HttpCommandExecutor.java:136)
	at org.openqa.selenium.remote.service.DriverCommandExecutor.execute(DriverCommandExecutor.java:83)
	at org.openqa.selenium.remote.RemoteWebDriver.execute(RemoteWebDriver.java:548)
	at org.openqa.selenium.remote.RemoteWebDriver.startSession(RemoteWebDriver.java:212)
	at org.openqa.selenium.remote.RemoteWebDriver.&lt;init&gt;(RemoteWebDriver.java:130)
	at org.openqa.selenium.chrome.ChromeDriver.&lt;init&gt;(ChromeDriver.java:181)
	at org.openqa.selenium.chrome.ChromeDriver.&lt;init&gt;(ChromeDriver.java:168)
	at org.openqa.selenium.chrome.ChromeDriver.&lt;init&gt;(ChromeDriver.java:123)
	at com.inetbankingv1.testcases.BaseClass.setUp(BaseClass.java:47)
... Removed 31 stack frames</div></td></tr></table><p class="totop"><a href="#summary">back to summary</a></p>
<h3 id="m2">com.inetbankingv1.testcases.TC_AddNewCustomerTest_003#tearDown</h3><table class="result"><tr><th class="invisible"/></tr></table><p class="totop"><a href="#summary">back to summary</a></p>
<h3 id="m3">com.inetbankingv1.testcases.TC_Login_001#tearDown</h3><table class="result"><tr><th class="invisible"/></tr></table><p class="totop"><a href="#summary">back to summary</a></p>
<h3 id="m4">com.inetbankingv1.testcases.TC_AddNewCustomerTest_003#addNewCustomer</h3><table class="result"><tr><th>Exception</th></tr><tr><td><div class="stacktrace">org.openqa.selenium.SessionNotCreatedException: session not created: This version of ChromeDriver only supports Chrome version 101
Current browser version is 103.0.5060.114 with binary path C:\Program Files (x86)\Google\Chrome\Application\chrome.exe
Build info: version: &apos;3.14.0&apos;, revision: &apos;aacccce0&apos;, time: &apos;2018-08-02T20:19:58.91Z&apos;
System info: host: &apos;DESKTOP-1QBSVOI&apos;, ip: &apos;10.0.0.125&apos;, os.name: &apos;Windows 10&apos;, os.arch: &apos;amd64&apos;, os.version: &apos;10.0&apos;, java.version: &apos;17.0.2&apos;
Driver info: driver.version: ChromeDriver
remote stacktrace: Backtrace:
	Ordinal0 [0x0115B8F3+2406643]
	Ordinal0 [0x010EAF31+1945393]
	Ordinal0 [0x00FDC748+837448]
	Ordinal0 [0x00FFC8B3+968883]
	Ordinal0 [0x00FF84BA+951482]
	Ordinal0 [0x00FF5D71+941425]
	Ordinal0 [0x01028EE0+1150688]
	Ordinal0 [0x01028B3A+1149754]
	Ordinal0 [0x01024096+1130646]
	Ordinal0 [0x00FFE636+976438]
	Ordinal0 [0x00FFF546+980294]
	GetHandleVerifier [0x013C9612+2498066]
	GetHandleVerifier [0x013BC920+2445600]
	GetHandleVerifier [0x011F4F2A+579370]
	GetHandleVerifier [0x011F3D36+574774]
	Ordinal0 [0x010F1C0B+1973259]
	Ordinal0 [0x010F6688+1992328]
	Ordinal0 [0x010F6775+1992565]
	Ordinal0 [0x010FF8D1+2029777]
	BaseThreadInitThunk [0x76EA6739+25]
	RtlGetFullPathName_UEx [0x77C28ACF+1215]
	RtlGetFullPathName_UEx [0x77C28A9D+1165]

	at org.openqa.selenium.remote.W3CHandshakeResponse.lambda$new$0(W3CHandshakeResponse.java:57)
	at org.openqa.selenium.remote.W3CHandshakeResponse.lambda$getResponseFunction$2(W3CHandshakeResponse.java:104)
	at org.openqa.selenium.remote.ProtocolHandshake.lambda$createSession$0(ProtocolHandshake.java:122)
	at java.base/java.util.stream.ReferencePipeline$3$1.accept(ReferencePipeline.java:197)
	at java.base/java.util.Spliterators$ArraySpliterator.tryAdvance(Spliterators.java:1002)
	at java.base/java.util.stream.ReferencePipeline.forEachWithCancel(ReferencePipeline.java:129)
	at java.base/java.util.stream.AbstractPipeline.copyIntoWithCancel(AbstractPipeline.java:527)
	at java.base/java.util.stream.AbstractPipeline.copyInto(AbstractPipeline.java:513)
	at java.base/java.util.stream.AbstractPipeline.wrapAndCopyInto(AbstractPipeline.java:499)
	at java.base/java.util.stream.FindOps$FindOp.evaluateSequential(FindOps.java:150)
	at java.base/java.util.stream.AbstractPipeline.evaluate(AbstractPipeline.java:234)
	at java.base/java.util.stream.ReferencePipeline.findFirst(ReferencePipeline.java:647)
	at org.openqa.selenium.remote.ProtocolHandshake.createSession(ProtocolHandshake.java:125)
	at org.openqa.selenium.remote.ProtocolHandshake.createSession(ProtocolHandshake.java:73)
	at org.openqa.selenium.remote.HttpCommandExecutor.execute(HttpCommandExecutor.java:136)
	at org.openqa.selenium.remote.service.DriverCommandExecutor.execute(DriverCommandExecutor.java:83)
	at org.openqa.selenium.remote.RemoteWebDriver.execute(RemoteWebDriver.java:548)
	at org.openqa.selenium.remote.RemoteWebDriver.startSession(RemoteWebDriver.java:212)
	at org.openqa.selenium.remote.RemoteWebDriver.&lt;init&gt;(RemoteWebDriver.java:130)
	at org.openqa.selenium.chrome.ChromeDriver.&lt;init&gt;(ChromeDriver.java:181)
	at org.openqa.selenium.chrome.ChromeDriver.&lt;init&gt;(ChromeDriver.java:168)
	at org.openqa.selenium.chrome.ChromeDriver.&lt;init&gt;(ChromeDriver.java:123)
	at com.inetbankingv1.testcases.BaseClass.setUp(BaseClass.java:47)
... Removed 31 stack frames</div></td></tr></table><p class="totop"><a href="#summary">back to summary</a></p>
<h3 id="m5">com.inetbankingv1.testcases.TC_Login_001#loginTest</h3><table class="result"><tr><th>Exception</th></tr><tr><td><div class="stacktrace">org.openqa.selenium.SessionNotCreatedException: session not created: This version of ChromeDriver only supports Chrome version 101
Current browser version is 103.0.5060.114 with binary path C:\Program Files (x86)\Google\Chrome\Application\chrome.exe
Build info: version: &apos;3.14.0&apos;, revision: &apos;aacccce0&apos;, time: &apos;2018-08-02T20:19:58.91Z&apos;
System info: host: &apos;DESKTOP-1QBSVOI&apos;, ip: &apos;10.0.0.125&apos;, os.name: &apos;Windows 10&apos;, os.arch: &apos;amd64&apos;, os.version: &apos;10.0&apos;, java.version: &apos;17.0.2&apos;
Driver info: driver.version: ChromeDriver
remote stacktrace: Backtrace:
	Ordinal0 [0x0115B8F3+2406643]
	Ordinal0 [0x010EAF31+1945393]
	Ordinal0 [0x00FDC748+837448]
	Ordinal0 [0x00FFC8B3+968883]
	Ordinal0 [0x00FF84BA+951482]
	Ordinal0 [0x00FF5D71+941425]
	Ordinal0 [0x01028EE0+1150688]
	Ordinal0 [0x01028B3A+1149754]
	Ordinal0 [0x01024096+1130646]
	Ordinal0 [0x00FFE636+976438]
	Ordinal0 [0x00FFF546+980294]
	GetHandleVerifier [0x013C9612+2498066]
	GetHandleVerifier [0x013BC920+2445600]
	GetHandleVerifier [0x011F4F2A+579370]
	GetHandleVerifier [0x011F3D36+574774]
	Ordinal0 [0x010F1C0B+1973259]
	Ordinal0 [0x010F6688+1992328]
	Ordinal0 [0x010F6775+1992565]
	Ordinal0 [0x010FF8D1+2029777]
	BaseThreadInitThunk [0x76EA6739+25]
	RtlGetFullPathName_UEx [0x77C28ACF+1215]
	RtlGetFullPathName_UEx [0x77C28A9D+1165]

	at org.openqa.selenium.remote.W3CHandshakeResponse.lambda$new$0(W3CHandshakeResponse.java:57)
	at org.openqa.selenium.remote.W3CHandshakeResponse.lambda$getResponseFunction$2(W3CHandshakeResponse.java:104)
	at org.openqa.selenium.remote.ProtocolHandshake.lambda$createSession$0(ProtocolHandshake.java:122)
	at java.base/java.util.stream.ReferencePipeline$3$1.accept(ReferencePipeline.java:197)
	at java.base/java.util.Spliterators$ArraySpliterator.tryAdvance(Spliterators.java:1002)
	at java.base/java.util.stream.ReferencePipeline.forEachWithCancel(ReferencePipeline.java:129)
	at java.base/java.util.stream.AbstractPipeline.copyIntoWithCancel(AbstractPipeline.java:527)
	at java.base/java.util.stream.AbstractPipeline.copyInto(AbstractPipeline.java:513)
	at java.base/java.util.stream.AbstractPipeline.wrapAndCopyInto(AbstractPipeline.java:499)
	at java.base/java.util.stream.FindOps$FindOp.evaluateSequential(FindOps.java:150)
	at java.base/java.util.stream.AbstractPipeline.evaluate(AbstractPipeline.java:234)
	at java.base/java.util.stream.ReferencePipeline.findFirst(ReferencePipeline.java:647)
	at org.openqa.selenium.remote.ProtocolHandshake.createSession(ProtocolHandshake.java:125)
	at org.openqa.selenium.remote.ProtocolHandshake.createSession(ProtocolHandshake.java:73)
	at org.openqa.selenium.remote.HttpCommandExecutor.execute(HttpCommandExecutor.java:136)
	at org.openqa.selenium.remote.service.DriverCommandExecutor.execute(DriverCommandExecutor.java:83)
	at org.openqa.selenium.remote.RemoteWebDriver.execute(RemoteWebDriver.java:548)
	at org.openqa.selenium.remote.RemoteWebDriver.startSession(RemoteWebDriver.java:212)
	at org.openqa.selenium.remote.RemoteWebDriver.&lt;init&gt;(RemoteWebDriver.java:130)
	at org.openqa.selenium.chrome.ChromeDriver.&lt;init&gt;(ChromeDriver.java:181)
	at org.openqa.selenium.chrome.ChromeDriver.&lt;init&gt;(ChromeDriver.java:168)
	at org.openqa.selenium.chrome.ChromeDriver.&lt;init&gt;(ChromeDriver.java:123)
	at com.inetbankingv1.testcases.BaseClass.setUp(BaseClass.java:47)
... Removed 31 stack frames</div></td></tr></table><p class="totop"><a href="#summary">back to summary</a></p>
</body>
</html>
