<?xml version="1.0" encoding="UTF-8"?>
<!-- Generated by org.testng.reporters.JUnitReportReporter -->
<testsuite hostname="DESKTOP-1QBSVOI" failures="0" tests="2" name="com.inetbankingv1.testcases.TC_AddNewCustomerTest_003" time="1.481" errors="1" timestamp="21 Jul 2022 19:44:21 GMT" skipped="1">
  <testcase classname="com.inetbankingv1.testcases.TC_AddNewCustomerTest_003" name="setUp" time="1.481">
    <error message="session not created: This version of ChromeDriver only supports Chrome version 101
Current browser version is 103.0.5060.114 with binary path C:\Program Files (x86)\Google\Chrome\Application\chrome.exe
Build info: version: &#039;3.14.0&#039;, revision: &#039;aacccce0&#039;, time: &#039;2018-08-02T20:19:58.91Z&#039;
System info: host: &#039;DESKTOP-1QBSVOI&#039;, ip: &#039;10.0.0.125&#039;, os.name: &#039;Windows 10&#039;, os.arch: &#039;amd64&#039;, os.version: &#039;10.0&#039;, java.version: &#039;17.0.2&#039;
Driver info: driver.version: ChromeDriver
remote stacktrace: Backtrace:
	Ordinal0 [0x0115B8F3+2406643]
	Ordinal0 [0x010EAF31+1945393]
	Ordinal0 [0x00FDC748+837448]
	Ordinal0 [0x00FFC8B3+968883]
	Ordinal0 [0x00FF84BA+951482]
	Ordinal0 [0x00FF5D71+941425]
	Ordinal0 [0x01028EE0+1150688]
	Ordinal0 [0x01028B3A+1149754]
	Ordinal0 [0x01024096+1130646]
	Ordinal0 [0x00FFE636+976438]
	Ordinal0 [0x00FFF546+980294]
	GetHandleVerifier [0x013C9612+2498066]
	GetHandleVerifier [0x013BC920+2445600]
	GetHandleVerifier [0x011F4F2A+579370]
	GetHandleVerifier [0x011F3D36+574774]
	Ordinal0 [0x010F1C0B+1973259]
	Ordinal0 [0x010F6688+1992328]
	Ordinal0 [0x010F6775+1992565]
	Ordinal0 [0x010FF8D1+2029777]
	BaseThreadInitThunk [0x76EA6739+25]
	RtlGetFullPathName_UEx [0x77C28ACF+1215]
	RtlGetFullPathName_UEx [0x77C28A9D+1165]
" type="org.openqa.selenium.SessionNotCreatedException">
      <![CDATA[org.openqa.selenium.SessionNotCreatedException: session not created: This version of ChromeDriver only supports Chrome version 101
Current browser version is 103.0.5060.114 with binary path C:\Program Files (x86)\Google\Chrome\Application\chrome.exe
Build info: version: '3.14.0', revision: 'aacccce0', time: '2018-08-02T20:19:58.91Z'
System info: host: 'DESKTOP-1QBSVOI', ip: '10.0.0.125', os.name: 'Windows 10', os.arch: 'amd64', os.version: '10.0', java.version: '17.0.2'
Driver info: driver.version: ChromeDriver
remote stacktrace: Backtrace:
Ordinal0 [0x0115B8F3+2406643]
Ordinal0 [0x010EAF31+1945393]
Ordinal0 [0x00FDC748+837448]
Ordinal0 [0x00FFC8B3+968883]
Ordinal0 [0x00FF84BA+951482]
Ordinal0 [0x00FF5D71+941425]
Ordinal0 [0x01028EE0+1150688]
Ordinal0 [0x01028B3A+1149754]
Ordinal0 [0x01024096+1130646]
Ordinal0 [0x00FFE636+976438]
Ordinal0 [0x00FFF546+980294]
GetHandleVerifier [0x013C9612+2498066]
GetHandleVerifier [0x013BC920+2445600]
GetHandleVerifier [0x011F4F2A+579370]
GetHandleVerifier [0x011F3D36+574774]
Ordinal0 [0x010F1C0B+1973259]
Ordinal0 [0x010F6688+1992328]
Ordinal0 [0x010F6775+1992565]
Ordinal0 [0x010FF8D1+2029777]
BaseThreadInitThunk [0x76EA6739+25]
RtlGetFullPathName_UEx [0x77C28ACF+1215]
RtlGetFullPathName_UEx [0x77C28A9D+1165]

at java.base/jdk.internal.reflect.NativeConstructorAccessorImpl.newInstance0(Native Method)
at java.base/jdk.internal.reflect.NativeConstructorAccessorImpl.newInstance(NativeConstructorAccessorImpl.java:77)
at java.base/jdk.internal.reflect.DelegatingConstructorAccessorImpl.newInstance(DelegatingConstructorAccessorImpl.java:45)
at java.base/java.lang.reflect.Constructor.newInstanceWithCaller(Constructor.java:499)
at java.base/java.lang.reflect.Constructor.newInstance(Constructor.java:480)
at org.openqa.selenium.remote.W3CHandshakeResponse.lambda$new$0(W3CHandshakeResponse.java:57)
at org.openqa.selenium.remote.W3CHandshakeResponse.lambda$getResponseFunction$2(W3CHandshakeResponse.java:104)
at org.openqa.selenium.remote.ProtocolHandshake.lambda$createSession$0(ProtocolHandshake.java:122)
at java.base/java.util.stream.ReferencePipeline$3$1.accept(ReferencePipeline.java:197)
at java.base/java.util.Spliterators$ArraySpliterator.tryAdvance(Spliterators.java:1002)
at java.base/java.util.stream.ReferencePipeline.forEachWithCancel(ReferencePipeline.java:129)
at java.base/java.util.stream.AbstractPipeline.copyIntoWithCancel(AbstractPipeline.java:527)
at java.base/java.util.stream.AbstractPipeline.copyInto(AbstractPipeline.java:513)
at java.base/java.util.stream.AbstractPipeline.wrapAndCopyInto(AbstractPipeline.java:499)
at java.base/java.util.stream.FindOps$FindOp.evaluateSequential(FindOps.java:150)
at java.base/java.util.stream.AbstractPipeline.evaluate(AbstractPipeline.java:234)
at java.base/java.util.stream.ReferencePipeline.findFirst(ReferencePipeline.java:647)
at org.openqa.selenium.remote.ProtocolHandshake.createSession(ProtocolHandshake.java:125)
at org.openqa.selenium.remote.ProtocolHandshake.createSession(ProtocolHandshake.java:73)
at org.openqa.selenium.remote.HttpCommandExecutor.execute(HttpCommandExecutor.java:136)
at org.openqa.selenium.remote.service.DriverCommandExecutor.execute(DriverCommandExecutor.java:83)
at org.openqa.selenium.remote.RemoteWebDriver.execute(RemoteWebDriver.java:548)
at org.openqa.selenium.remote.RemoteWebDriver.startSession(RemoteWebDriver.java:212)
at org.openqa.selenium.remote.RemoteWebDriver.<init>(RemoteWebDriver.java:130)
at org.openqa.selenium.chrome.ChromeDriver.<init>(ChromeDriver.java:181)
at org.openqa.selenium.chrome.ChromeDriver.<init>(ChromeDriver.java:168)
at org.openqa.selenium.chrome.ChromeDriver.<init>(ChromeDriver.java:123)
at com.inetbankingv1.testcases.BaseClass.setUp(BaseClass.java:47)
at java.base/jdk.internal.reflect.NativeMethodAccessorImpl.invoke0(Native Method)
at java.base/jdk.internal.reflect.NativeMethodAccessorImpl.invoke(NativeMethodAccessorImpl.java:77)
at java.base/jdk.internal.reflect.DelegatingMethodAccessorImpl.invoke(DelegatingMethodAccessorImpl.java:43)
at java.base/java.lang.reflect.Method.invoke(Method.java:568)
at org.testng.internal.MethodInvocationHelper.invokeMethod(MethodInvocationHelper.java:124)
at org.testng.internal.MethodInvocationHelper.invokeMethodConsideringTimeout(MethodInvocationHelper.java:59)
at org.testng.internal.Invoker.invokeConfigurationMethod(Invoker.java:458)
at org.testng.internal.Invoker.invokeConfigurations(Invoker.java:222)
at org.testng.internal.Invoker.invokeConfigurations(Invoker.java:142)
at org.testng.internal.TestMethodWorker.invokeBeforeClassMethods(TestMethodWorker.java:168)
at org.testng.internal.TestMethodWorker.run(TestMethodWorker.java:105)
at org.testng.TestRunner.privateRun(TestRunner.java:648)
at org.testng.TestRunner.run(TestRunner.java:505)
at org.testng.SuiteRunner.runTest(SuiteRunner.java:455)
at org.testng.SuiteRunner.runSequentially(SuiteRunner.java:450)
at org.testng.SuiteRunner.privateRun(SuiteRunner.java:415)
at org.testng.SuiteRunner.run(SuiteRunner.java:364)
at org.testng.SuiteRunnerWorker.runSuite(SuiteRunnerWorker.java:52)
at org.testng.SuiteRunnerWorker.run(SuiteRunnerWorker.java:84)
at org.testng.TestNG.runSuitesSequentially(TestNG.java:1208)
at org.testng.TestNG.runSuitesLocally(TestNG.java:1137)
at org.testng.TestNG.runSuites(TestNG.java:1049)
at org.testng.TestNG.run(TestNG.java:1017)
at org.testng.remote.AbstractRemoteTestNG.run(AbstractRemoteTestNG.java:115)
at org.testng.remote.RemoteTestNG.initAndRun(RemoteTestNG.java:251)
at org.testng.remote.RemoteTestNG.main(RemoteTestNG.java:77)
]]>
    </error>
  </testcase> <!-- setUp -->
  <testcase classname="com.inetbankingv1.testcases.TC_AddNewCustomerTest_003" name="addNewCustomer" time="0.000">
    <skipped/>
  </testcase> <!-- addNewCustomer -->
</testsuite> <!-- com.inetbankingv1.testcases.TC_AddNewCustomerTest_003 -->
